This file contains any messages produced by compilers while
running configure, to aid debugging if configure makes a mistake.

It was created by sqlite configure 3.21.0, which was
generated by GNU Autoconf 2.69.  Invocation command line was

  $ ./configure --prefix=/opt/tcl

## --------- ##
## Platform. ##
## --------- ##

hostname = Andrews-MacBook-Pro.local
uname -m = x86_64
uname -r = 17.2.0
uname -s = Darwin
uname -v = Darwin Kernel Version 17.2.0: Fri Sep 29 18:27:05 PDT 2017; root:xnu-4570.20.62~3/RELEASE_X86_64

/usr/bin/uname -p = i386
/bin/uname -X     = unknown

/bin/arch              = unknown
/usr/bin/arch -k       = unknown
/usr/convex/getsysinfo = unknown
/usr/bin/hostinfo      = Mach kernel version:
	 Darwin Kernel Version 17.2.0: Fri Sep 29 18:27:05 PDT 2017; root:xnu-4570.20.62~3/RELEASE_X86_64
Kernel configured for up to 8 processors.
4 processors are physically available.
8 processors are logically available.
Processor type: x86_64h (Intel x86-64h Haswell)
Processors active: 0 1 2 3 4 5 6 7
Primary memory available: 16.00 gigabytes
Default processor set: 373 tasks, 1417 threads, 8 processors
Load average: 1.28, Mach factor: 6.70
/bin/machine           = unknown
/usr/bin/oslevel       = unknown
/bin/universe          = unknown

PATH: /usr/local/bin
PATH: /Users/andrewkim/bin
PATH: /usr/local/bin
PATH: /usr/local/bin
PATH: /usr/bin
PATH: /bin
PATH: /usr/sbin
PATH: /sbin
PATH: /Library/TeX/texbin


## ----------- ##
## Core tests. ##
## ----------- ##

configure:2241: checking for correct TEA configuration
configure:2254: result: ok (TEA 3.9)
configure:2337: configuring sqlite 3.21.0
configure:2410: checking for Tcl configuration
configure:2535: result: found /Library/Frameworks/Tcl.framework/tclConfig.sh
configure:2588: checking for gcc
configure:2604: found /usr/bin/gcc
configure:2615: result: gcc
configure:2844: checking for C compiler version
configure:2853: gcc --version >&5
Apple LLVM version 9.0.0 (clang-900.0.38)
Target: x86_64-apple-darwin17.2.0
Thread model: posix
InstalledDir: /Applications/Xcode.app/Contents/Developer/Toolchains/XcodeDefault.xctoolchain/usr/bin
Configured with: --prefix=/Applications/Xcode.app/Contents/Developer/usr --with-gxx-include-dir=/Applications/Xcode.app/Contents/Developer/Platforms/MacOSX.platform/Developer/SDKs/MacOSX10.13.sdk/usr/include/c++/4.2.1
configure:2864: $? = 0
configure:2853: gcc -v >&5
Configured with: --prefix=/Applications/Xcode.app/Contents/Developer/usr --with-gxx-include-dir=/Applications/Xcode.app/Contents/Developer/Platforms/MacOSX.platform/Developer/SDKs/MacOSX10.13.sdk/usr/include/c++/4.2.1
Apple LLVM version 9.0.0 (clang-900.0.38)
Target: x86_64-apple-darwin17.2.0
Thread model: posix
InstalledDir: /Applications/Xcode.app/Contents/Developer/Toolchains/XcodeDefault.xctoolchain/usr/bin
configure:2864: $? = 0
configure:2853: gcc -V >&5
clang: error: argument to '-V' is missing (expected 1 value)
clang: error: no input files
configure:2864: $? = 1
configure:2853: gcc -qversion >&5
clang: error: unknown argument: '-qversion'
clang: error: no input files
configure:2864: $? = 1
configure:2884: checking whether the C compiler works
configure:2906: gcc    conftest.c  >&5
configure:2910: $? = 0
configure:2958: result: yes
configure:2961: checking for C compiler default output file name
configure:2963: result: a.out
configure:2969: checking for suffix of executables
configure:2976: gcc -o conftest    conftest.c  >&5
configure:2980: $? = 0
configure:3002: result: 
configure:3024: checking whether we are cross compiling
configure:3032: gcc -o conftest    conftest.c  >&5
configure:3036: $? = 0
configure:3043: ./conftest
configure:3047: $? = 0
configure:3062: result: no
configure:3067: checking for suffix of object files
configure:3089: gcc -c   conftest.c >&5
configure:3093: $? = 0
configure:3114: result: o
configure:3118: checking whether we are using the GNU C compiler
configure:3137: gcc -c   conftest.c >&5
configure:3137: $? = 0
configure:3146: result: yes
configure:3155: checking whether gcc accepts -g
configure:3175: gcc -c -g  conftest.c >&5
configure:3175: $? = 0
configure:3216: result: yes
configure:3233: checking for gcc option to accept ISO C89
configure:3296: gcc  -c   conftest.c >&5
configure:3296: $? = 0
configure:3309: result: none needed
configure:3331: checking for existence of /Library/Frameworks/Tcl.framework/tclConfig.sh
configure:3335: result: loading
configure:3399: checking platform
configure:3417: gcc -c   conftest.c >&5
configure:3417: $? = 0
configure:3425: result: unix
configure:3478: --exec-prefix defaulting to TCL_EXEC_PREFIX /usr/local
configure:3548: checking for gcc
configure:3575: result: gcc
configure:3804: checking for C compiler version
configure:3813: gcc --version >&5
Apple LLVM version 9.0.0 (clang-900.0.38)
Target: x86_64-apple-darwin17.2.0
Thread model: posix
InstalledDir: /Applications/Xcode.app/Contents/Developer/Toolchains/XcodeDefault.xctoolchain/usr/bin
Configured with: --prefix=/Applications/Xcode.app/Contents/Developer/usr --with-gxx-include-dir=/Applications/Xcode.app/Contents/Developer/Platforms/MacOSX.platform/Developer/SDKs/MacOSX10.13.sdk/usr/include/c++/4.2.1
configure:3824: $? = 0
configure:3813: gcc -v >&5
Configured with: --prefix=/Applications/Xcode.app/Contents/Developer/usr --with-gxx-include-dir=/Applications/Xcode.app/Contents/Developer/Platforms/MacOSX.platform/Developer/SDKs/MacOSX10.13.sdk/usr/include/c++/4.2.1
Apple LLVM version 9.0.0 (clang-900.0.38)
Target: x86_64-apple-darwin17.2.0
Thread model: posix
InstalledDir: /Applications/Xcode.app/Contents/Developer/Toolchains/XcodeDefault.xctoolchain/usr/bin
configure:3824: $? = 0
configure:3813: gcc -V >&5
clang: error: argument to '-V' is missing (expected 1 value)
clang: error: no input files
configure:3824: $? = 1
configure:3813: gcc -qversion >&5
clang: error: unknown argument: '-qversion'
clang: error: no input files
configure:3824: $? = 1
configure:3828: checking whether we are using the GNU C compiler
configure:3856: result: yes
configure:3865: checking whether gcc accepts -g
configure:3926: result: yes
configure:3943: checking for gcc option to accept ISO C89
configure:4019: result: none needed
configure:4044: checking how to run the C preprocessor
configure:4075: gcc -E  conftest.c
configure:4075: $? = 0
configure:4089: gcc -E  conftest.c
conftest.c:10:10: fatal error: 'ac_nonexistent.h' file not found
#include <ac_nonexistent.h>
         ^~~~~~~~~~~~~~~~~~
1 error generated.
configure:4089: $? = 1
configure: failed program was:
| /* confdefs.h */
| #define PACKAGE_NAME "sqlite"
| #define PACKAGE_TARNAME "sqlite"
| #define PACKAGE_VERSION "3.21.0"
| #define PACKAGE_STRING "sqlite 3.21.0"
| #define PACKAGE_BUGREPORT ""
| #define PACKAGE_URL ""
| #define BUILD_sqlite /**/
| /* end confdefs.h.  */
| #include <ac_nonexistent.h>
configure:4114: result: gcc -E
configure:4134: gcc -E  conftest.c
configure:4134: $? = 0
configure:4148: gcc -E  conftest.c
conftest.c:10:10: fatal error: 'ac_nonexistent.h' file not found
#include <ac_nonexistent.h>
         ^~~~~~~~~~~~~~~~~~
1 error generated.
configure:4148: $? = 1
configure: failed program was:
| /* confdefs.h */
| #define PACKAGE_NAME "sqlite"
| #define PACKAGE_TARNAME "sqlite"
| #define PACKAGE_VERSION "3.21.0"
| #define PACKAGE_STRING "sqlite 3.21.0"
| #define PACKAGE_BUGREPORT ""
| #define PACKAGE_URL ""
| #define BUILD_sqlite /**/
| /* end confdefs.h.  */
| #include <ac_nonexistent.h>
configure:4190: checking whether make sets $(MAKE)
configure:4212: result: yes
configure:4269: checking for ranlib
configure:4285: found /usr/bin/ranlib
configure:4296: result: ranlib
configure:4327: checking for grep that handles long lines and -e
configure:4385: result: /usr/bin/grep
configure:4390: checking for egrep
configure:4452: result: /usr/bin/grep -E
configure:4457: checking for ANSI C header files
configure:4477: gcc -c   conftest.c >&5
configure:4477: $? = 0
configure:4550: gcc -o conftest    conftest.c  >&5
configure:4550: $? = 0
configure:4550: ./conftest
configure:4550: $? = 0
configure:4561: result: yes
configure:4574: checking for sys/types.h
configure:4574: gcc -c   conftest.c >&5
configure:4574: $? = 0
configure:4574: result: yes
configure:4574: checking for sys/stat.h
configure:4574: gcc -c   conftest.c >&5
configure:4574: $? = 0
configure:4574: result: yes
configure:4574: checking for stdlib.h
configure:4574: gcc -c   conftest.c >&5
configure:4574: $? = 0
configure:4574: result: yes
configure:4574: checking for string.h
configure:4574: gcc -c   conftest.c >&5
configure:4574: $? = 0
configure:4574: result: yes
configure:4574: checking for memory.h
configure:4574: gcc -c   conftest.c >&5
configure:4574: $? = 0
configure:4574: result: yes
configure:4574: checking for strings.h
configure:4574: gcc -c   conftest.c >&5
configure:4574: $? = 0
configure:4574: result: yes
configure:4574: checking for inttypes.h
configure:4574: gcc -c   conftest.c >&5
configure:4574: $? = 0
configure:4574: result: yes
configure:4574: checking for stdint.h
configure:4574: gcc -c   conftest.c >&5
configure:4574: $? = 0
configure:4574: result: yes
configure:4574: checking for unistd.h
configure:4574: gcc -c   conftest.c >&5
configure:4574: $? = 0
configure:4574: result: yes
configure:4596: checking if the compiler understands -pipe
configure:4614: gcc -c  -pipe  conftest.c >&5
configure:4614: $? = 0
configure:4622: result: yes
configure:4633: checking whether byte ordering is bigendian
configure:4648: gcc -c  -pipe  conftest.c >&5
configure:4648: $? = 0
configure:4693: gcc -c  -pipe  conftest.c >&5
configure:4693: $? = 0
configure:4711: gcc -c  -pipe  conftest.c >&5
conftest.c:27:4: error: use of undeclared identifier 'not'
                 not big endian
                 ^
1 error generated.
configure:4711: $? = 1
configure: failed program was:
| /* confdefs.h */
| #define PACKAGE_NAME "sqlite"
| #define PACKAGE_TARNAME "sqlite"
| #define PACKAGE_VERSION "3.21.0"
| #define PACKAGE_STRING "sqlite 3.21.0"
| #define PACKAGE_BUGREPORT ""
| #define PACKAGE_URL ""
| #define BUILD_sqlite /**/
| #define STDC_HEADERS 1
| #define HAVE_SYS_TYPES_H 1
| #define HAVE_SYS_STAT_H 1
| #define HAVE_STDLIB_H 1
| #define HAVE_STRING_H 1
| #define HAVE_MEMORY_H 1
| #define HAVE_STRINGS_H 1
| #define HAVE_INTTYPES_H 1
| #define HAVE_STDINT_H 1
| #define HAVE_UNISTD_H 1
| /* end confdefs.h.  */
| #include <sys/types.h>
| 		#include <sys/param.h>
| 
| int
| main ()
| {
| #if BYTE_ORDER != BIG_ENDIAN
| 		 not big endian
| 		#endif
| 
|   ;
|   return 0;
| }
configure:4839: result: no
configure:4866: checking for sin
configure:4866: gcc -o conftest  -pipe   conftest.c  >&5
conftest.c:43:6: warning: incompatible redeclaration of library function 'sin' [-Wincompatible-library-redeclaration]
char sin ();
     ^
conftest.c:43:6: note: 'sin' is a builtin with type 'double (double)'
1 warning generated.
configure:4866: $? = 0
configure:4866: result: yes
configure:4873: checking for main in -lieee
configure:4892: gcc -o conftest  -pipe   conftest.c -lieee   >&5
ld: library not found for -lieee
clang: error: linker command failed with exit code 1 (use -v to see invocation)
configure:4892: $? = 1
configure: failed program was:
| /* confdefs.h */
| #define PACKAGE_NAME "sqlite"
| #define PACKAGE_TARNAME "sqlite"
| #define PACKAGE_VERSION "3.21.0"
| #define PACKAGE_STRING "sqlite 3.21.0"
| #define PACKAGE_BUGREPORT ""
| #define PACKAGE_URL ""
| #define BUILD_sqlite /**/
| #define STDC_HEADERS 1
| #define HAVE_SYS_TYPES_H 1
| #define HAVE_SYS_STAT_H 1
| #define HAVE_STDLIB_H 1
| #define HAVE_STRING_H 1
| #define HAVE_MEMORY_H 1
| #define HAVE_STRINGS_H 1
| #define HAVE_INTTYPES_H 1
| #define HAVE_STDINT_H 1
| #define HAVE_UNISTD_H 1
| /* end confdefs.h.  */
| 
| 
| int
| main ()
| {
| return main ();
|   ;
|   return 0;
| }
configure:4901: result: no
configure:4913: checking for main in -linet
configure:4932: gcc -o conftest  -pipe   conftest.c -linet   >&5
ld: library not found for -linet
clang: error: linker command failed with exit code 1 (use -v to see invocation)
configure:4932: $? = 1
configure: failed program was:
| /* confdefs.h */
| #define PACKAGE_NAME "sqlite"
| #define PACKAGE_TARNAME "sqlite"
| #define PACKAGE_VERSION "3.21.0"
| #define PACKAGE_STRING "sqlite 3.21.0"
| #define PACKAGE_BUGREPORT ""
| #define PACKAGE_URL ""
| #define BUILD_sqlite /**/
| #define STDC_HEADERS 1
| #define HAVE_SYS_TYPES_H 1
| #define HAVE_SYS_STAT_H 1
| #define HAVE_STDLIB_H 1
| #define HAVE_STRING_H 1
| #define HAVE_MEMORY_H 1
| #define HAVE_STRINGS_H 1
| #define HAVE_INTTYPES_H 1
| #define HAVE_STDINT_H 1
| #define HAVE_UNISTD_H 1
| /* end confdefs.h.  */
| 
| 
| int
| main ()
| {
| return main ();
|   ;
|   return 0;
| }
configure:4941: result: no
configure:4947: checking net/errno.h usability
configure:4947: gcc -c  -pipe  conftest.c >&5
conftest.c:53:10: fatal error: 'net/errno.h' file not found
#include <net/errno.h>
         ^~~~~~~~~~~~~
1 error generated.
configure:4947: $? = 1
configure: failed program was:
| /* confdefs.h */
| #define PACKAGE_NAME "sqlite"
| #define PACKAGE_TARNAME "sqlite"
| #define PACKAGE_VERSION "3.21.0"
| #define PACKAGE_STRING "sqlite 3.21.0"
| #define PACKAGE_BUGREPORT ""
| #define PACKAGE_URL ""
| #define BUILD_sqlite /**/
| #define STDC_HEADERS 1
| #define HAVE_SYS_TYPES_H 1
| #define HAVE_SYS_STAT_H 1
| #define HAVE_STDLIB_H 1
| #define HAVE_STRING_H 1
| #define HAVE_MEMORY_H 1
| #define HAVE_STRINGS_H 1
| #define HAVE_INTTYPES_H 1
| #define HAVE_STDINT_H 1
| #define HAVE_UNISTD_H 1
| /* end confdefs.h.  */
| #include <stdio.h>
| #ifdef HAVE_SYS_TYPES_H
| # include <sys/types.h>
| #endif
| #ifdef HAVE_SYS_STAT_H
| # include <sys/stat.h>
| #endif
| #ifdef STDC_HEADERS
| # include <stdlib.h>
| # include <stddef.h>
| #else
| # ifdef HAVE_STDLIB_H
| #  include <stdlib.h>
| # endif
| #endif
| #ifdef HAVE_STRING_H
| # if !defined STDC_HEADERS && defined HAVE_MEMORY_H
| #  include <memory.h>
| # endif
| # include <string.h>
| #endif
| #ifdef HAVE_STRINGS_H
| # include <strings.h>
| #endif
| #ifdef HAVE_INTTYPES_H
| # include <inttypes.h>
| #endif
| #ifdef HAVE_STDINT_H
| # include <stdint.h>
| #endif
| #ifdef HAVE_UNISTD_H
| # include <unistd.h>
| #endif
| #include <net/errno.h>
configure:4947: result: no
configure:4947: checking net/errno.h presence
configure:4947: gcc -E  conftest.c
conftest.c:20:10: fatal error: 'net/errno.h' file not found
#include <net/errno.h>
         ^~~~~~~~~~~~~
1 error generated.
configure:4947: $? = 1
configure: failed program was:
| /* confdefs.h */
| #define PACKAGE_NAME "sqlite"
| #define PACKAGE_TARNAME "sqlite"
| #define PACKAGE_VERSION "3.21.0"
| #define PACKAGE_STRING "sqlite 3.21.0"
| #define PACKAGE_BUGREPORT ""
| #define PACKAGE_URL ""
| #define BUILD_sqlite /**/
| #define STDC_HEADERS 1
| #define HAVE_SYS_TYPES_H 1
| #define HAVE_SYS_STAT_H 1
| #define HAVE_STDLIB_H 1
| #define HAVE_STRING_H 1
| #define HAVE_MEMORY_H 1
| #define HAVE_STRINGS_H 1
| #define HAVE_INTTYPES_H 1
| #define HAVE_STDINT_H 1
| #define HAVE_UNISTD_H 1
| /* end confdefs.h.  */
| #include <net/errno.h>
configure:4947: result: no
configure:4947: checking for net/errno.h
configure:4947: result: no
configure:4976: checking for connect
configure:4976: gcc -o conftest  -pipe   conftest.c  >&5
configure:4976: $? = 0
configure:4976: result: yes
configure:5044: checking for gethostbyname
configure:5044: gcc -o conftest  -pipe   conftest.c  >&5
configure:5044: $? = 0
configure:5044: result: yes
configure:5099: checking dirent.h
configure:5135: gcc -o conftest  -pipe   conftest.c  >&5
configure:5135: $? = 0
configure:5143: result: yes
configure:5153: checking errno.h usability
configure:5153: gcc -c  -pipe  conftest.c >&5
configure:5153: $? = 0
configure:5153: result: yes
configure:5153: checking errno.h presence
configure:5153: gcc -E  conftest.c
configure:5153: $? = 0
configure:5153: result: yes
configure:5153: checking for errno.h
configure:5153: result: yes
configure:5163: checking float.h usability
configure:5163: gcc -c  -pipe  conftest.c >&5
configure:5163: $? = 0
configure:5163: result: yes
configure:5163: checking float.h presence
configure:5163: gcc -E  conftest.c
configure:5163: $? = 0
configure:5163: result: yes
configure:5163: checking for float.h
configure:5163: result: yes
configure:5173: checking values.h usability
configure:5173: gcc -c  -pipe  conftest.c >&5
conftest.c:53:10: fatal error: 'values.h' file not found
#include <values.h>
         ^~~~~~~~~~
1 error generated.
configure:5173: $? = 1
configure: failed program was:
| /* confdefs.h */
| #define PACKAGE_NAME "sqlite"
| #define PACKAGE_TARNAME "sqlite"
| #define PACKAGE_VERSION "3.21.0"
| #define PACKAGE_STRING "sqlite 3.21.0"
| #define PACKAGE_BUGREPORT ""
| #define PACKAGE_URL ""
| #define BUILD_sqlite /**/
| #define STDC_HEADERS 1
| #define HAVE_SYS_TYPES_H 1
| #define HAVE_SYS_STAT_H 1
| #define HAVE_STDLIB_H 1
| #define HAVE_STRING_H 1
| #define HAVE_MEMORY_H 1
| #define HAVE_STRINGS_H 1
| #define HAVE_INTTYPES_H 1
| #define HAVE_STDINT_H 1
| #define HAVE_UNISTD_H 1
| /* end confdefs.h.  */
| #include <stdio.h>
| #ifdef HAVE_SYS_TYPES_H
| # include <sys/types.h>
| #endif
| #ifdef HAVE_SYS_STAT_H
| # include <sys/stat.h>
| #endif
| #ifdef STDC_HEADERS
| # include <stdlib.h>
| # include <stddef.h>
| #else
| # ifdef HAVE_STDLIB_H
| #  include <stdlib.h>
| # endif
| #endif
| #ifdef HAVE_STRING_H
| # if !defined STDC_HEADERS && defined HAVE_MEMORY_H
| #  include <memory.h>
| # endif
| # include <string.h>
| #endif
| #ifdef HAVE_STRINGS_H
| # include <strings.h>
| #endif
| #ifdef HAVE_INTTYPES_H
| # include <inttypes.h>
| #endif
| #ifdef HAVE_STDINT_H
| # include <stdint.h>
| #endif
| #ifdef HAVE_UNISTD_H
| # include <unistd.h>
| #endif
| #include <values.h>
configure:5173: result: no
configure:5173: checking values.h presence
configure:5173: gcc -E  conftest.c
conftest.c:20:10: fatal error: 'values.h' file not found
#include <values.h>
         ^~~~~~~~~~
1 error generated.
configure:5173: $? = 1
configure: failed program was:
| /* confdefs.h */
| #define PACKAGE_NAME "sqlite"
| #define PACKAGE_TARNAME "sqlite"
| #define PACKAGE_VERSION "3.21.0"
| #define PACKAGE_STRING "sqlite 3.21.0"
| #define PACKAGE_BUGREPORT ""
| #define PACKAGE_URL ""
| #define BUILD_sqlite /**/
| #define STDC_HEADERS 1
| #define HAVE_SYS_TYPES_H 1
| #define HAVE_SYS_STAT_H 1
| #define HAVE_STDLIB_H 1
| #define HAVE_STRING_H 1
| #define HAVE_MEMORY_H 1
| #define HAVE_STRINGS_H 1
| #define HAVE_INTTYPES_H 1
| #define HAVE_STDINT_H 1
| #define HAVE_UNISTD_H 1
| /* end confdefs.h.  */
| #include <values.h>
configure:5173: result: no
configure:5173: checking for values.h
configure:5173: result: no
configure:5183: checking limits.h usability
configure:5183: gcc -c  -pipe  conftest.c >&5
configure:5183: $? = 0
configure:5183: result: yes
configure:5183: checking limits.h presence
configure:5183: gcc -E  conftest.c
configure:5183: $? = 0
configure:5183: result: yes
configure:5183: checking for limits.h
configure:5183: result: yes
configure:5195: checking for stdlib.h
configure:5195: result: yes
configure:5247: checking for string.h
configure:5247: result: yes
configure:5291: checking sys/wait.h usability
configure:5291: gcc -c  -pipe  conftest.c >&5
configure:5291: $? = 0
configure:5291: result: yes
configure:5291: checking sys/wait.h presence
configure:5291: gcc -E  conftest.c
configure:5291: $? = 0
configure:5291: result: yes
configure:5291: checking for sys/wait.h
configure:5291: result: yes
configure:5301: checking dlfcn.h usability
configure:5301: gcc -c  -pipe  conftest.c >&5
configure:5301: $? = 0
configure:5301: result: yes
configure:5301: checking dlfcn.h presence
configure:5301: gcc -E  conftest.c
configure:5301: $? = 0
configure:5301: result: yes
configure:5301: checking for dlfcn.h
configure:5301: result: yes
configure:5315: checking sys/param.h usability
configure:5315: gcc -c  -pipe  conftest.c >&5
configure:5315: $? = 0
configure:5315: result: yes
configure:5315: checking sys/param.h presence
configure:5315: gcc -E  conftest.c
configure:5315: $? = 0
configure:5315: result: yes
configure:5315: checking for sys/param.h
configure:5315: result: yes
configure:5530: checking for Tcl public headers
configure:5601: result: /Library/Frameworks/Tcl.framework/Headers
configure:5662: checking for pthread_mutex_init in -lpthread
configure:5687: gcc -o conftest  -pipe   conftest.c -lpthread   >&5
configure:5687: $? = 0
configure:5696: result: yes
configure:5905: checking for building with threads
configure:5911: result: yes (default)
configure:5974: checking how to build libraries
configure:5992: result: shared
configure:6055: checking for ranlib
configure:6082: result: ranlib
configure:6109: checking if 64bit support is requested
configure:6118: result: no
configure:6123: checking if 64bit Sparc VIS support is requested
configure:6132: result: no
configure:6142: checking if compiler supports visibility "hidden"
configure:6162: gcc -o conftest  -pipe -Werror   conftest.c  >&5
configure:6162: $? = 0
configure:6171: result: yes
configure:6186: checking if rpath support is requested
configure:6195: result: yes
configure:6220: checking system version
configure:6243: result: Darwin-17.2.0
configure:6323: checking for ar
configure:6339: found /usr/bin/ar
configure:6350: result: ar
configure:7432: checking if ld accepts -single_module flag
configure:7451: gcc -o conftest -pipe     -dynamiclib -Wl,-single_module conftest.c  >&5
configure:7451: $? = 0
configure:7460: result: yes
configure:7478: checking if ld accepts -search_paths_first flag
configure:7497: gcc -o conftest -pipe     -prebind -headerpad_max_install_names -Wl,-search_paths_first conftest.c  >&5
configure:7497: $? = 0
configure:7506: result: yes
configure:8101: checking for cast to union support
configure:8120: gcc -c -pipe    conftest.c >&5
configure:8120: $? = 0
configure:8128: result: yes
configure:8151: checking for required early compiler flags
configure:8169: gcc -c -pipe    conftest.c >&5
configure:8169: $? = 0
configure:8216: gcc -c -pipe    conftest.c >&5
conftest.c:35:28: warning: 'stat64' is deprecated: first deprecated in macOS 10.6 [-Wdeprecated-declarations]
struct stat64 buf; int i = stat64("/", &buf);
                           ^
/Applications/Xcode.app/Contents/Developer/Platforms/MacOSX.platform/Developer/SDKs/MacOSX10.13.sdk/usr/include/sys/stat.h:402:5: note: 'stat64' has been explicitly marked deprecated here
int     stat64(const char *, struct stat64 *) __OSX_AVAILABLE_BUT_DEPRECATED(__MAC_10_5,__MAC_10_6,__IPHONE_NA,__IPHONE_NA);
        ^
1 warning generated.
configure:8216: $? = 0
configure:8263: gcc -c -pipe    conftest.c >&5
conftest.c:35:19: error: use of undeclared identifier 'open64'
char *p = (char *)open64;
                  ^
1 error generated.
configure:8263: $? = 1
configure: failed program was:
| /* confdefs.h */
| #define PACKAGE_NAME "sqlite"
| #define PACKAGE_TARNAME "sqlite"
| #define PACKAGE_VERSION "3.21.0"
| #define PACKAGE_STRING "sqlite 3.21.0"
| #define PACKAGE_BUGREPORT ""
| #define PACKAGE_URL ""
| #define BUILD_sqlite /**/
| #define STDC_HEADERS 1
| #define HAVE_SYS_TYPES_H 1
| #define HAVE_SYS_STAT_H 1
| #define HAVE_STDLIB_H 1
| #define HAVE_STRING_H 1
| #define HAVE_MEMORY_H 1
| #define HAVE_STRINGS_H 1
| #define HAVE_INTTYPES_H 1
| #define HAVE_STDINT_H 1
| #define HAVE_UNISTD_H 1
| #define NO_VALUES_H 1
| #define HAVE_LIMITS_H 1
| #define HAVE_SYS_PARAM_H 1
| #define USE_THREAD_ALLOC 1
| #define _REENTRANT 1
| #define _THREAD_SAFE 1
| #define TCL_THREADS 1
| #define SQLITE_THREADSAFE 1
| #define MODULE_SCOPE extern __attribute__((__visibility__("hidden")))
| #define HAVE_HIDDEN 1
| #define HAVE_CAST_TO_UNION 1
| /* end confdefs.h.  */
| #include <sys/stat.h>
| int
| main ()
| {
| char *p = (char *)open64;
|   ;
|   return 0;
| }
configure:8278: gcc -c -pipe    conftest.c >&5
conftest.c:36:19: error: use of undeclared identifier 'open64'
char *p = (char *)open64;
                  ^
1 error generated.
configure:8278: $? = 1
configure: failed program was:
| /* confdefs.h */
| #define PACKAGE_NAME "sqlite"
| #define PACKAGE_TARNAME "sqlite"
| #define PACKAGE_VERSION "3.21.0"
| #define PACKAGE_STRING "sqlite 3.21.0"
| #define PACKAGE_BUGREPORT ""
| #define PACKAGE_URL ""
| #define BUILD_sqlite /**/
| #define STDC_HEADERS 1
| #define HAVE_SYS_TYPES_H 1
| #define HAVE_SYS_STAT_H 1
| #define HAVE_STDLIB_H 1
| #define HAVE_STRING_H 1
| #define HAVE_MEMORY_H 1
| #define HAVE_STRINGS_H 1
| #define HAVE_INTTYPES_H 1
| #define HAVE_STDINT_H 1
| #define HAVE_UNISTD_H 1
| #define NO_VALUES_H 1
| #define HAVE_LIMITS_H 1
| #define HAVE_SYS_PARAM_H 1
| #define USE_THREAD_ALLOC 1
| #define _REENTRANT 1
| #define _THREAD_SAFE 1
| #define TCL_THREADS 1
| #define SQLITE_THREADSAFE 1
| #define MODULE_SCOPE extern __attribute__((__visibility__("hidden")))
| #define HAVE_HIDDEN 1
| #define HAVE_CAST_TO_UNION 1
| /* end confdefs.h.  */
| #define _LARGEFILE_SOURCE64 1
| #include <sys/stat.h>
| int
| main ()
| {
| char *p = (char *)open64;
|   ;
|   return 0;
| }
configure:8296: result: none
configure:8304: checking for 64-bit integer type
configure:8323: gcc -c -pipe    conftest.c >&5
conftest.c:35:1: error: use of undeclared identifier '__int64'
__int64 value = (__int64) 0;
^
1 error generated.
configure:8323: $? = 1
configure: failed program was:
| /* confdefs.h */
| #define PACKAGE_NAME "sqlite"
| #define PACKAGE_TARNAME "sqlite"
| #define PACKAGE_VERSION "3.21.0"
| #define PACKAGE_STRING "sqlite 3.21.0"
| #define PACKAGE_BUGREPORT ""
| #define PACKAGE_URL ""
| #define BUILD_sqlite /**/
| #define STDC_HEADERS 1
| #define HAVE_SYS_TYPES_H 1
| #define HAVE_SYS_STAT_H 1
| #define HAVE_STDLIB_H 1
| #define HAVE_STRING_H 1
| #define HAVE_MEMORY_H 1
| #define HAVE_STRINGS_H 1
| #define HAVE_INTTYPES_H 1
| #define HAVE_STDINT_H 1
| #define HAVE_UNISTD_H 1
| #define NO_VALUES_H 1
| #define HAVE_LIMITS_H 1
| #define HAVE_SYS_PARAM_H 1
| #define USE_THREAD_ALLOC 1
| #define _REENTRANT 1
| #define _THREAD_SAFE 1
| #define TCL_THREADS 1
| #define SQLITE_THREADSAFE 1
| #define MODULE_SCOPE extern __attribute__((__visibility__("hidden")))
| #define HAVE_HIDDEN 1
| #define HAVE_CAST_TO_UNION 1
| /* end confdefs.h.  */
| 
| int
| main ()
| {
| __int64 value = (__int64) 0;
|   ;
|   return 0;
| }
configure:8345: gcc -c -pipe    conftest.c >&5
conftest.c:36:26: error: duplicate case value '1'
            case 1: case (sizeof(long long)==sizeof(long)): ;
                         ^
conftest.c:36:18: note: previous case defined here
            case 1: case (sizeof(long long)==sizeof(long)): ;
                 ^
1 error generated.
configure:8345: $? = 1
configure: failed program was:
| /* confdefs.h */
| #define PACKAGE_NAME "sqlite"
| #define PACKAGE_TARNAME "sqlite"
| #define PACKAGE_VERSION "3.21.0"
| #define PACKAGE_STRING "sqlite 3.21.0"
| #define PACKAGE_BUGREPORT ""
| #define PACKAGE_URL ""
| #define BUILD_sqlite /**/
| #define STDC_HEADERS 1
| #define HAVE_SYS_TYPES_H 1
| #define HAVE_SYS_STAT_H 1
| #define HAVE_STDLIB_H 1
| #define HAVE_STRING_H 1
| #define HAVE_MEMORY_H 1
| #define HAVE_STRINGS_H 1
| #define HAVE_INTTYPES_H 1
| #define HAVE_STDINT_H 1
| #define HAVE_UNISTD_H 1
| #define NO_VALUES_H 1
| #define HAVE_LIMITS_H 1
| #define HAVE_SYS_PARAM_H 1
| #define USE_THREAD_ALLOC 1
| #define _REENTRANT 1
| #define _THREAD_SAFE 1
| #define TCL_THREADS 1
| #define SQLITE_THREADSAFE 1
| #define MODULE_SCOPE extern __attribute__((__visibility__("hidden")))
| #define HAVE_HIDDEN 1
| #define HAVE_CAST_TO_UNION 1
| /* end confdefs.h.  */
| 
| int
| main ()
| {
| switch (0) {
|             case 1: case (sizeof(long long)==sizeof(long)): ;
|         }
|   ;
|   return 0;
| }
configure:8355: result: using long
configure:8499: checking for build with symbols
configure:8512: result: no
configure:8569: checking for fdatasync
configure:8569: gcc -o conftest -pipe     -prebind -headerpad_max_install_names -Wl,-search_paths_first  conftest.c  >&5
configure:8569: $? = 0
configure:8569: result: yes
configure:8569: checking for usleep
configure:8569: gcc -o conftest -pipe     -prebind -headerpad_max_install_names -Wl,-search_paths_first  conftest.c  >&5
configure:8569: $? = 0
configure:8569: result: yes
configure:8569: checking for fullfsync
configure:8569: gcc -o conftest -pipe     -prebind -headerpad_max_install_names -Wl,-search_paths_first  conftest.c  >&5
Undefined symbols for architecture x86_64:
  "_fullfsync", referenced from:
      _main in conftest-8c01f1.o
ld: symbol(s) not found for architecture x86_64
clang: error: linker command failed with exit code 1 (use -v to see invocation)
configure:8569: $? = 1
configure: failed program was:
| /* confdefs.h */
| #define PACKAGE_NAME "sqlite"
| #define PACKAGE_TARNAME "sqlite"
| #define PACKAGE_VERSION "3.21.0"
| #define PACKAGE_STRING "sqlite 3.21.0"
| #define PACKAGE_BUGREPORT ""
| #define PACKAGE_URL ""
| #define BUILD_sqlite /**/
| #define STDC_HEADERS 1
| #define HAVE_SYS_TYPES_H 1
| #define HAVE_SYS_STAT_H 1
| #define HAVE_STDLIB_H 1
| #define HAVE_STRING_H 1
| #define HAVE_MEMORY_H 1
| #define HAVE_STRINGS_H 1
| #define HAVE_INTTYPES_H 1
| #define HAVE_STDINT_H 1
| #define HAVE_UNISTD_H 1
| #define NO_VALUES_H 1
| #define HAVE_LIMITS_H 1
| #define HAVE_SYS_PARAM_H 1
| #define USE_THREAD_ALLOC 1
| #define _REENTRANT 1
| #define _THREAD_SAFE 1
| #define TCL_THREADS 1
| #define SQLITE_THREADSAFE 1
| #define MODULE_SCOPE extern __attribute__((__visibility__("hidden")))
| #define HAVE_HIDDEN 1
| #define HAVE_CAST_TO_UNION 1
| #define TCL_WIDE_INT_IS_LONG 1
| #define USE_TCL_STUBS 1
| #define HAVE_FDATASYNC 1
| #define HAVE_USLEEP 1
| /* end confdefs.h.  */
| /* Define fullfsync to an innocuous variant, in case <limits.h> declares fullfsync.
|    For example, HP-UX 11i <limits.h> declares gettimeofday.  */
| #define fullfsync innocuous_fullfsync
| 
| /* System header to define __stub macros and hopefully few prototypes,
|     which can conflict with char fullfsync (); below.
|     Prefer <limits.h> to <assert.h> if __STDC__ is defined, since
|     <limits.h> exists even on freestanding compilers.  */
| 
| #ifdef __STDC__
| # include <limits.h>
| #else
| # include <assert.h>
| #endif
| 
| #undef fullfsync
| 
| /* Override any GCC internal prototype to avoid an error.
|    Use char because int might match the return type of a GCC
|    builtin and then its argument prototype would still apply.  */
| #ifdef __cplusplus
| extern "C"
| #endif
| char fullfsync ();
| /* The GNU C library defines this for functions which it implements
|     to always fail with ENOSYS.  Some functions are actually named
|     something starting with __ and the normal name is an alias.  */
| #if defined __stub_fullfsync || defined __stub___fullfsync
| choke me
| #endif
| 
| int
| main ()
| {
| return fullfsync ();
|   ;
|   return 0;
| }
configure:8569: result: no
configure:8569: checking for localtime_r
configure:8569: gcc -o conftest -pipe     -prebind -headerpad_max_install_names -Wl,-search_paths_first  conftest.c  >&5
configure:8569: $? = 0
configure:8569: result: yes
configure:8569: checking for gmtime_r
configure:8569: gcc -o conftest -pipe     -prebind -headerpad_max_install_names -Wl,-search_paths_first  conftest.c  >&5
configure:8569: $? = 0
configure:8569: result: yes
configure:8579: checking whether strerror_r is declared
configure:8579: gcc -c -pipe    conftest.c >&5
configure:8579: $? = 0
configure:8579: result: yes
configure:8592: checking for strerror_r
configure:8592: gcc -o conftest -pipe     -prebind -headerpad_max_install_names -Wl,-search_paths_first  conftest.c  >&5
configure:8592: $? = 0
configure:8592: result: yes
configure:8601: checking whether strerror_r returns char *
configure:8625: gcc -c -pipe    conftest.c >&5
conftest.c:77:13: error: indirection requires pointer operand ('int' invalid)
          char x = *strerror_r (0, buf, sizeof buf);
                   ^~~~~~~~~~~~~~~~~~~~~~~~~~~~~~~~
conftest.c:78:10: warning: incompatible integer to pointer conversion initializing 'char *' with an expression of type 'int' [-Wint-conversion]
          char *p = strerror_r (0, buf, sizeof buf);
                ^   ~~~~~~~~~~~~~~~~~~~~~~~~~~~~~~~
1 warning and 1 error generated.
configure:8625: $? = 1
configure: failed program was:
| /* confdefs.h */
| #define PACKAGE_NAME "sqlite"
| #define PACKAGE_TARNAME "sqlite"
| #define PACKAGE_VERSION "3.21.0"
| #define PACKAGE_STRING "sqlite 3.21.0"
| #define PACKAGE_BUGREPORT ""
| #define PACKAGE_URL ""
| #define BUILD_sqlite /**/
| #define STDC_HEADERS 1
| #define HAVE_SYS_TYPES_H 1
| #define HAVE_SYS_STAT_H 1
| #define HAVE_STDLIB_H 1
| #define HAVE_STRING_H 1
| #define HAVE_MEMORY_H 1
| #define HAVE_STRINGS_H 1
| #define HAVE_INTTYPES_H 1
| #define HAVE_STDINT_H 1
| #define HAVE_UNISTD_H 1
| #define NO_VALUES_H 1
| #define HAVE_LIMITS_H 1
| #define HAVE_SYS_PARAM_H 1
| #define USE_THREAD_ALLOC 1
| #define _REENTRANT 1
| #define _THREAD_SAFE 1
| #define TCL_THREADS 1
| #define SQLITE_THREADSAFE 1
| #define MODULE_SCOPE extern __attribute__((__visibility__("hidden")))
| #define HAVE_HIDDEN 1
| #define HAVE_CAST_TO_UNION 1
| #define TCL_WIDE_INT_IS_LONG 1
| #define USE_TCL_STUBS 1
| #define HAVE_FDATASYNC 1
| #define HAVE_USLEEP 1
| #define HAVE_LOCALTIME_R 1
| #define HAVE_GMTIME_R 1
| #define HAVE_DECL_STRERROR_R 1
| #define HAVE_STRERROR_R 1
| /* end confdefs.h.  */
| #include <stdio.h>
| #ifdef HAVE_SYS_TYPES_H
| # include <sys/types.h>
| #endif
| #ifdef HAVE_SYS_STAT_H
| # include <sys/stat.h>
| #endif
| #ifdef STDC_HEADERS
| # include <stdlib.h>
| # include <stddef.h>
| #else
| # ifdef HAVE_STDLIB_H
| #  include <stdlib.h>
| # endif
| #endif
| #ifdef HAVE_STRING_H
| # if !defined STDC_HEADERS && defined HAVE_MEMORY_H
| #  include <memory.h>
| # endif
| # include <string.h>
| #endif
| #ifdef HAVE_STRINGS_H
| # include <strings.h>
| #endif
| #ifdef HAVE_INTTYPES_H
| # include <inttypes.h>
| #endif
| #ifdef HAVE_STDINT_H
| # include <stdint.h>
| #endif
| #ifdef HAVE_UNISTD_H
| # include <unistd.h>
| #endif
| int
| main ()
| {
| 
| 	  char buf[100];
| 	  char x = *strerror_r (0, buf, sizeof buf);
| 	  char *p = strerror_r (0, buf, sizeof buf);
| 	  return !p || x;
| 
|   ;
|   return 0;
| }
configure:8663: result: no
configure:8791: checking for tclsh
configure:8818: result: /usr/local/bin/tclsh8.6
configure:8984: creating ./config.status

## ---------------------- ##
## Running config.status. ##
## ---------------------- ##

This file was extended by sqlite config.status 3.21.0, which was
generated by GNU Autoconf 2.69.  Invocation command line was

  CONFIG_FILES    = 
  CONFIG_HEADERS  = 
  CONFIG_LINKS    = 
  CONFIG_COMMANDS = 
  $ ./config.status 

on Andrews-MacBook-Pro.local

config.status:802: creating Makefile
config.status:802: creating pkgIndex.tcl

## ---------------- ##
## Cache variables. ##
## ---------------- ##

ac_cv_c_bigendian=no
ac_cv_c_compiler_gnu=yes
ac_cv_c_tclconfig=/Library/Frameworks/Tcl.framework
ac_cv_c_tclh=/Library/Frameworks/Tcl.framework/Headers
ac_cv_env_CC_set=
ac_cv_env_CC_value=
ac_cv_env_CFLAGS_set=
ac_cv_env_CFLAGS_value=
ac_cv_env_CPPFLAGS_set=
ac_cv_env_CPPFLAGS_value=
ac_cv_env_CPP_set=
ac_cv_env_CPP_value=
ac_cv_env_LDFLAGS_set=
ac_cv_env_LDFLAGS_value=
ac_cv_env_LIBS_set=
ac_cv_env_LIBS_value=
ac_cv_env_build_alias_set=
ac_cv_env_build_alias_value=
ac_cv_env_host_alias_set=
ac_cv_env_host_alias_value=
ac_cv_env_target_alias_set=
ac_cv_env_target_alias_value=
ac_cv_func_connect=yes
ac_cv_func_fdatasync=yes
ac_cv_func_fullfsync=no
ac_cv_func_gethostbyname=yes
ac_cv_func_gmtime_r=yes
ac_cv_func_localtime_r=yes
ac_cv_func_sin=yes
ac_cv_func_strerror_r=yes
ac_cv_func_strerror_r_char_p=no
ac_cv_func_usleep=yes
ac_cv_have_decl_strerror_r=yes
ac_cv_header_dlfcn_h=yes
ac_cv_header_errno_h=yes
ac_cv_header_float_h=yes
ac_cv_header_inttypes_h=yes
ac_cv_header_limits_h=yes
ac_cv_header_memory_h=yes
ac_cv_header_net_errno_h=no
ac_cv_header_stdc=yes
ac_cv_header_stdint_h=yes
ac_cv_header_stdlib_h=yes
ac_cv_header_string_h=yes
ac_cv_header_strings_h=yes
ac_cv_header_sys_param_h=yes
ac_cv_header_sys_stat_h=yes
ac_cv_header_sys_types_h=yes
ac_cv_header_sys_wait_h=yes
ac_cv_header_unistd_h=yes
ac_cv_header_values_h=no
ac_cv_lib_ieee_main=no
ac_cv_lib_inet_main=no
ac_cv_lib_pthread_pthread_mutex_init=yes
ac_cv_objext=o
ac_cv_path_EGREP='/usr/bin/grep -E'
ac_cv_path_GREP=/usr/bin/grep
ac_cv_prog_CPP='gcc -E'
ac_cv_prog_ac_ct_AR=ar
ac_cv_prog_ac_ct_CC=gcc
ac_cv_prog_ac_ct_RANLIB=ranlib
ac_cv_prog_cc_c89=
ac_cv_prog_cc_g=yes
ac_cv_prog_make_make_set=yes
tcl_cv_cast_to_union=yes
tcl_cv_cc_pipe=yes
tcl_cv_cc_visibility_hidden=yes
tcl_cv_dirent_h=yes
tcl_cv_flag__isoc99_source=no
tcl_cv_flag__largefile64_source=no
tcl_cv_flag__largefile_source64=no
tcl_cv_ld_search_paths_first=yes
tcl_cv_ld_single_module=yes
tcl_cv_sys_version=Darwin-17.2.0
tcl_cv_type_64bit=none

## ----------------- ##
## Output variables. ##
## ----------------- ##

AR='ar'
CC='gcc'
CELIB_DIR=''
CFLAGS='-pipe  ${CFLAGS_DEFAULT} ${CFLAGS_WARNING} ${SHLIB_CFLAGS}  '
CFLAGS_DEBUG='-g'
CFLAGS_DEFAULT='-Os -DNDEBUG'
CFLAGS_OPTIMIZE='-Os'
CFLAGS_WARNING='-Wall'
CLEANFILES=''
CPP='gcc -E'
CPPFLAGS=''
CYGPATH='echo'
DEFS='-DPACKAGE_NAME=\"sqlite\" -DPACKAGE_TARNAME=\"sqlite\" -DPACKAGE_VERSION=\"3.21.0\" -DPACKAGE_STRING=\"sqlite\ 3.21.0\" -DPACKAGE_BUGREPORT=\"\" -DPACKAGE_URL=\"\" -DBUILD_sqlite=/\*\*/ -DSTDC_HEADERS=1 -DHAVE_SYS_TYPES_H=1 -DHAVE_SYS_STAT_H=1 -DHAVE_STDLIB_H=1 -DHAVE_STRING_H=1 -DHAVE_MEMORY_H=1 -DHAVE_STRINGS_H=1 -DHAVE_INTTYPES_H=1 -DHAVE_STDINT_H=1 -DHAVE_UNISTD_H=1 -DNO_VALUES_H=1 -DHAVE_LIMITS_H=1 -DHAVE_SYS_PARAM_H=1 -DUSE_THREAD_ALLOC=1 -D_REENTRANT=1 -D_THREAD_SAFE=1 -DTCL_THREADS=1 -DSQLITE_THREADSAFE=1 -DMODULE_SCOPE=extern\ __attribute__\(\(__visibility__\(\"hidden\"\)\)\) -DHAVE_HIDDEN=1 -DHAVE_CAST_TO_UNION=1 -DTCL_WIDE_INT_IS_LONG=1 -DUSE_TCL_STUBS=1 -DHAVE_FDATASYNC=1 -DHAVE_USLEEP=1 -DHAVE_LOCALTIME_R=1 -DHAVE_GMTIME_R=1 -DHAVE_DECL_STRERROR_R=1 -DHAVE_STRERROR_R=1'
ECHO_C='\c'
ECHO_N=''
ECHO_T=''
EGREP='/usr/bin/grep -E'
EXEEXT=''
GREP='/usr/bin/grep'
INSTALL='$(SHELL) $(srcdir)/tclconfig/install-sh -c'
INSTALL_DATA='${INSTALL} -m 644'
INSTALL_PROGRAM='${INSTALL}'
INSTALL_SCRIPT='${INSTALL}'
LDFLAGS=' -prebind -headerpad_max_install_names -Wl,-search_paths_first '
LDFLAGS_DEFAULT=' -prebind -headerpad_max_install_names -Wl,-search_paths_first '
LD_LIBRARY_PATH_VAR='DYLD_LIBRARY_PATH'
LIBOBJS=''
LIBS=''
LTLIBOBJS=''
MAKE_LIB='${SHLIB_LD} -o $@ $(PKG_OBJECTS) ${SHLIB_LD_LIBS} '
MAKE_SHARED_LIB='${SHLIB_LD} -o $@ $(PKG_OBJECTS) ${SHLIB_LD_LIBS}'
MAKE_STATIC_LIB='${STLIB_LD} $@ $(PKG_OBJECTS)'
MAKE_STUB_LIB='${STLIB_LD} $@ $(PKG_STUB_OBJECTS)'
MATH_LIBS=''
OBJEXT='o'
PACKAGE_BUGREPORT=''
PACKAGE_NAME='sqlite'
PACKAGE_STRING='sqlite 3.21.0'
PACKAGE_TARNAME='sqlite'
PACKAGE_URL=''
PACKAGE_VERSION='3.21.0'
PATH_SEPARATOR=':'
PKG_CFLAGS=' -DSQLITE_ENABLE_FTS3=1 -DSQLITE_3_SUFFIX_ONLY=1 -DSQLITE_ENABLE_RTREE=1'
PKG_HEADERS=''
PKG_INCLUDES=' -I"./generic"'
PKG_LIBS=' -lpthread'
PKG_LIB_FILE='libsqlite3.21.0.dylib'
PKG_OBJECTS=' tclsqlite3.o'
PKG_SOURCES=' tclsqlite3.c'
PKG_STUB_LIB_FILE='libsqlitestub3.21.0.a'
PKG_STUB_OBJECTS=''
PKG_STUB_SOURCES=''
PKG_TCL_SOURCES=''
RANLIB=':'
RANLIB_STUB='ranlib'
RC=''
SET_MAKE=''
SHARED_BUILD='1'
SHELL='/bin/sh'
SHLIB_CFLAGS='-fno-common'
SHLIB_LD='${CC} -dynamiclib ${CFLAGS} ${LDFLAGS_DEFAULT} -Wl,-single_module -current_version 3.21.0 -compatibility_version 3.21.0'
SHLIB_LD_LIBS='${LIBS} -L/Library/Frameworks/Tcl.framework -ltclstub8.6'
STLIB_LD='${AR} cr'
TCLSH_PROG='/usr/local/bin/tclsh8.6'
TCL_BIN_DIR='/Library/Frameworks/Tcl.framework'
TCL_DBGX=''
TCL_DEFS='-DPACKAGE_NAME=\"tcl\" -DPACKAGE_TARNAME=\"tcl\" -DPACKAGE_VERSION=\"8.6\" -DPACKAGE_STRING=\"tcl\ 8.6\" -DPACKAGE_BUGREPORT=\"\" -DSTDC_HEADERS=1 -DHAVE_SYS_TYPES_H=1 -DHAVE_SYS_STAT_H=1 -DHAVE_STDLIB_H=1 -DHAVE_STRING_H=1 -DHAVE_MEMORY_H=1 -DHAVE_STRINGS_H=1 -DHAVE_INTTYPES_H=1 -DHAVE_STDINT_H=1 -DHAVE_UNISTD_H=1 -DNO_VALUES_H=1 -DHAVE_SYS_PARAM_H=1 -DUSE_THREAD_ALLOC=1 -D_REENTRANT=1 -D_THREAD_SAFE=1 -DHAVE_PTHREAD_ATTR_SETSTACKSIZE=1 -DHAVE_PTHREAD_ATFORK=1 -DTCL_THREADS=1 -DTCL_CFGVAL_ENCODING=\"iso8859-1\" -DHAVE_ZLIB=1 -DMODULE_SCOPE=extern\ __attribute__\(\(__visibility__\(\"hidden\"\)\)\) -DHAVE_HIDDEN=1 -DMAC_OSX_TCL=1 -DHAVE_COREFOUNDATION=1 -DHAVE_CAST_TO_UNION=1 -DTCL_SHLIB_EXT=\".dylib\" -DNDEBUG=1 -DTCL_CFG_OPTIMIZED=1 -DTCL_TOMMATH=1 -DMP_PREC=4 -DTCL_WIDE_INT_IS_LONG=1 -DHAVE_GETCWD=1 -DHAVE_MKSTEMP=1 -DHAVE_OPENDIR=1 -DHAVE_STRTOL=1 -DHAVE_WAITPID=1 -DHAVE_GETNAMEINFO=1 -DHAVE_GETADDRINFO=1 -DHAVE_FREEADDRINFO=1 -DHAVE_GAI_STRERROR=1 -DHAVE_STRUCT_ADDRINFO=1 -DHAVE_STRUCT_IN6_ADDR=1 -DHAVE_STRUCT_SOCKADDR_IN6=1 -DHAVE_STRUCT_SOCKADDR_STORAGE=1 -DHAVE_GETPWUID_R_5=1 -DHAVE_GETPWUID_R=1 -DHAVE_GETPWNAM_R_5=1 -DHAVE_GETPWNAM_R=1 -DHAVE_GETGRGID_R_5=1 -DHAVE_GETGRGID_R=1 -DHAVE_GETGRNAM_R_5=1 -DHAVE_GETGRNAM_R=1 -DHAVE_MTSAFE_GETHOSTBYNAME=1 -DHAVE_MTSAFE_GETHOSTBYADDR=1 -DHAVE_TERMIOS_H=1 -DHAVE_SYS_IOCTL_H=1 -DHAVE_SYS_TIME_H=1 -DTIME_WITH_SYS_TIME=1 -DHAVE_GMTIME_R=1 -DHAVE_LOCALTIME_R=1 -DHAVE_MKTIME=1 -DHAVE_TM_GMTOFF=1 -DHAVE_TIMEZONE_VAR=1 -DHAVE_STRUCT_STAT_ST_BLOCKS=1 -DHAVE_STRUCT_STAT_ST_BLKSIZE=1 -DHAVE_BLKCNT_T=1 -DHAVE_INTPTR_T=1 -DHAVE_UINTPTR_T=1 -DHAVE_SIGNED_CHAR=1 -DHAVE_LANGINFO=1 -DHAVE_CHFLAGS=1 -DHAVE_MKSTEMPS=1 -DHAVE_GETATTRLIST=1 -DHAVE_COPYFILE_H=1 -DHAVE_COPYFILE=1 -DHAVE_LIBKERN_OSATOMIC_H=1 -DHAVE_OSSPINLOCKLOCK=1 -DUSE_VFORK=1 -DTCL_DEFAULT_ENCODING=\"utf-8\" -DTCL_LOAD_FROM_MEMORY=1 -DTCL_WIDE_CLICKS=1 -DHAVE_AVAILABILITYMACROS_H=1 -DHAVE_WEAK_IMPORT=1 -D_DARWIN_C_SOURCE=1 -DHAVE_FTS=1 -DHAVE_SYS_IOCTL_H=1 -DHAVE_SYS_FILIO_H=1 -DTCL_UNLOAD_DLLS=1 -DUSE_DTRACE=1 -DHAVE_CPUID=1 -DTCL_FRAMEWORK=1 '
TCL_EXTRA_CFLAGS='-pipe   '
TCL_INCLUDES='-I"/Library/Frameworks/Tcl.framework/Headers"'
TCL_LD_FLAGS=' -prebind -headerpad_max_install_names -Wl,-search_paths_first '
TCL_LIBS='${DL_LIBS} ${LIBS} ${MATH_LIBS}'
TCL_LIB_FILE='Tcl'
TCL_LIB_FLAG='-framework Tcl'
TCL_LIB_SPEC='-F/Library/Frameworks -framework Tcl'
TCL_PATCH_LEVEL='.6'
TCL_SHLIB_LD_LIBS='${LIBS}'
TCL_SRC_DIR='/tmp/---warning-do-not-use----/tcl'
TCL_STUB_LIB_FILE='libtclstub8.6.a'
TCL_STUB_LIB_FLAG='-ltclstub8.6'
TCL_STUB_LIB_SPEC='-L/Library/Frameworks/Tcl.framework -ltclstub8.6'
TCL_THREADS='1'
TCL_VERSION='8.6'
VC_MANIFEST_EMBED_DLL=''
VC_MANIFEST_EMBED_EXE=''
ac_ct_CC='gcc'
bindir='${exec_prefix}/bin'
build_alias=''
datadir='${datarootdir}'
datarootdir='${prefix}/share'
docdir='${datarootdir}/doc/${PACKAGE_TARNAME}'
dvidir='${docdir}'
exec_prefix='/usr/local'
host_alias=''
htmldir='${docdir}'
includedir='${prefix}/include'
infodir='${datarootdir}/info'
libdir='${exec_prefix}/lib'
libexecdir='${exec_prefix}/libexec'
localedir='${datarootdir}/locale'
localstatedir='${prefix}/var'
mandir='${datarootdir}/man'
oldincludedir='/usr/include'
pdfdir='${docdir}'
prefix='/opt/tcl'
program_transform_name='s,x,x,'
psdir='${docdir}'
runstatedir='${localstatedir}/run'
sbindir='${exec_prefix}/sbin'
sharedstatedir='${prefix}/com'
sysconfdir='${prefix}/etc'
target_alias=''

## ----------- ##
## confdefs.h. ##
## ----------- ##

/* confdefs.h */
#define PACKAGE_NAME "sqlite"
#define PACKAGE_TARNAME "sqlite"
#define PACKAGE_VERSION "3.21.0"
#define PACKAGE_STRING "sqlite 3.21.0"
#define PACKAGE_BUGREPORT ""
#define PACKAGE_URL ""
#define BUILD_sqlite /**/
#define STDC_HEADERS 1
#define HAVE_SYS_TYPES_H 1
#define HAVE_SYS_STAT_H 1
#define HAVE_STDLIB_H 1
#define HAVE_STRING_H 1
#define HAVE_MEMORY_H 1
#define HAVE_STRINGS_H 1
#define HAVE_INTTYPES_H 1
#define HAVE_STDINT_H 1
#define HAVE_UNISTD_H 1
#define NO_VALUES_H 1
#define HAVE_LIMITS_H 1
#define HAVE_SYS_PARAM_H 1
#define USE_THREAD_ALLOC 1
#define _REENTRANT 1
#define _THREAD_SAFE 1
#define TCL_THREADS 1
#define SQLITE_THREADSAFE 1
#define MODULE_SCOPE extern __attribute__((__visibility__("hidden")))
#define HAVE_HIDDEN 1
#define HAVE_CAST_TO_UNION 1
#define TCL_WIDE_INT_IS_LONG 1
#define USE_TCL_STUBS 1
#define HAVE_FDATASYNC 1
#define HAVE_USLEEP 1
#define HAVE_LOCALTIME_R 1
#define HAVE_GMTIME_R 1
#define HAVE_DECL_STRERROR_R 1
#define HAVE_STRERROR_R 1

configure: exit 0
